<?xml version="1.0" encoding="UTF-8"?>
<!-- Generated by org.testng.reporters.JUnitXMLReporter -->
<testsuite hostname="DESKTOP-2KR4K00" ignored="0" name="Default test" tests="5" failures="0" timestamp="2021-04-30T02:20:27 CEST" time="19.959" errors="0">
  <testcase name="successfulLogin" time="7.368" classname="Tests.Login_Test"/>
  <testcase name="logInWithBlankUsername" time="0.886" classname="Tests.Login_Test"/>
  <testcase name="logInWithBlankPassword" time="1.155" classname="Tests.Login_Test"/>
  <testcase name="logInWithInvalidUsername" time="4.153" classname="Tests.Login_Test"/>
  <testcase name="logInWithWrongPassword" time="2.115" classname="Tests.Login_Test"/>
</testsuite> <!-- Default test -->
